<?xml version="1.0" encoding="UTF-8"?>
<!-- Generated by org.testng.reporters.JUnitReportReporter -->
<testsuite skipped="0" hostname="DESKTOP-LFNEGKJ" name="com.Gitlab.TestCases.TC_LoginWithEmail_002" tests="2" failures="0" timestamp="2020-10-16T12:23:09 IST" time="38.732" errors="0">
  <testcase name="loginwithemailid" time="20.115" classname="com.Gitlab.TestCases.TC_LoginWithEmail_002"/>
  <system-out/>
  <testcase name="LoginwithUsername" time="18.617" classname="com.Gitlab.TestCases.TC_LoginWithEmail_002"/>
  <system-out/>
</testsuite> <!-- com.Gitlab.TestCases.TC_LoginWithEmail_002 -->
