<?xml version="1.0" encoding="UTF-8"?>
<!-- Generated by org.testng.reporters.JUnitReportReporter -->
<testsuite skipped="0" hostname="DESKTOP-LFNEGKJ" name="com.Gitlab.TestCases.TC_CreateProject_003" tests="2" failures="0" timestamp="2020-10-16T13:23:51 IST" time="36.161" errors="0">
  <testcase name="login" time="16.571" classname="com.Gitlab.TestCases.TC_CreateProject_003"/>
  <system-out/>
  <testcase name="CreateNewProject" time="19.590" classname="com.Gitlab.TestCases.TC_CreateProject_003"/>
  <system-out/>
</testsuite> <!-- com.Gitlab.TestCases.TC_CreateProject_003 -->
