<?xml version="1.0" encoding="UTF-8"?>
<!-- Generated by org.testng.reporters.JUnitReportReporter -->
<testsuite skipped="0" hostname="DESKTOP-LFNEGKJ" name="com.TestCases.TC_CreateProject_003" tests="1" failures="0" timestamp="2020-10-15T19:22:18 IST" time="20.343" errors="0">
  <testcase name="login" time="20.343" classname="com.TestCases.TC_CreateProject_003"/>
  <system-out/>
</testsuite> <!-- com.TestCases.TC_CreateProject_003 -->
