<?xml version="1.0" encoding="UTF-8"?>
<!-- Generated by org.testng.reporters.JUnitReportReporter -->
<testsuite skipped="0" hostname="DESKTOP-LFNEGKJ" name="com.TestCases.LoginwithEmail" tests="1" failures="0" timestamp="2020-10-15T19:42:35 IST" time="12.118" errors="0">
  <testcase name="login" time="12.118" classname="com.TestCases.LoginwithEmail"/>
  <system-out/>
</testsuite> <!-- com.TestCases.LoginwithEmail -->
